<?xml version="1.0" encoding="UTF-8"?>
<!-- Generated by org.testng.reporters.JUnitReportReporter -->
<testsuite hostname="e7450-efi" failures="0" tests="3" name="com.QA.hubspot.testlayer.LoginPageTest" time="40.299" errors="0" timestamp="24 Nov 2021 06:20:01 GMT">
  <testcase classname="com.QA.hubspot.testlayer.LoginPageTest" name="verifySignUpLinkTest" time="10.233"/>
  <testcase classname="com.QA.hubspot.testlayer.LoginPageTest" name="verfiyLoginPageTitleTest" time="22.137"/>
  <testcase classname="com.QA.hubspot.testlayer.LoginPageTest" name="loginTest" time="7.929"/>
</testsuite> <!-- com.QA.hubspot.testlayer.LoginPageTest -->
